make all --print-data-base --no-builtin-variables --no-builtin-rules --question
# GNU Make 4.3
# Built for x86_64-pc-linux-gnu
# Copyright (C) 1988-2020 Free Software Foundation, Inc.
# License GPLv3+: GNU GPL version 3 or later <http://gnu.org/licenses/gpl.html>
# This is free software: you are free to change and redistribute it.
# There is NO WARRANTY, to the extent permitted by law.

# Make data base, printed on Tue Jun  7 07:11:50 2022

# Variables

# makefile (from 'Makefile', line 9)
OBJ = $(SRC:.c=.o)
# environment
LC_ALL = C
# makefile (from 'Makefile', line 3)
SRC = source/main.c source/draw.c source/init.c source/input.c 
# environment
VSCODE_CWD = /home/dong
# makefile (from 'Makefile', line 14)
LIBS = -lSDL2 -lSDL2_image -lSDL2_ttf
# default
MAKE_COMMAND := make
# environment
VSCODE_HANDLES_SIGPIPE = true
# automatic
@D = $(patsubst %/,%,$(dir $@))
# environment
VSCODE_HANDLES_UNCAUGHT_ERRORS = true
# default
.VARIABLES := 
# environment
PWD = /home/dong/Desktop/Etna/Runner
# automatic
%D = $(patsubst %/,%,$(dir $%))
# automatic
^D = $(patsubst %/,%,$(dir $^))
# environment
VSCODE_LOG_STACK = false
# automatic
%F = $(notdir $%)
# environment
LANG = C
# default
.LOADED := 
# default
.INCLUDE_DIRS = /usr/local/include /usr/include /usr/include
# makefile
MAKEFLAGS = pqrR
# makefile
CURDIR := /home/dong/Desktop/Etna/Runner
# environment
VSCODE_PIPE_LOGGING = true
# environment
APPLICATION_INSIGHTS_NO_DIAGNOSTIC_CHANNEL = true
# automatic
*D = $(patsubst %/,%,$(dir $*))
# environment
MFLAGS = -pqrR
# default
.SHELLFLAGS := -c
# automatic
+D = $(patsubst %/,%,$(dir $+))
# makefile (from 'Makefile', line 1)
MAKEFILE_LIST := Makefile
# automatic
@F = $(notdir $@)
# environment
VSCODE_VERBOSE_LOGGING = true
# environment
XDG_SESSION_TYPE = tty
# automatic
?D = $(patsubst %/,%,$(dir $?))
# automatic
*F = $(notdir $*)
# environment
DBUS_SESSION_BUS_ADDRESS = unix:path=/run/user/1000/bus
# automatic
<D = $(patsubst %/,%,$(dir $<))
# environment
VSCODE_NLS_CONFIG = {"locale":"fr","availableLanguages":{}}
# default
MAKE_HOST := x86_64-pc-linux-gnu
# makefile
SHELL = /bin/sh
# default
MAKECMDGOALS := all
# environment
SHLVL = 0
# environment
MAKELEVEL := 0
# default
MAKE = $(MAKE_COMMAND)
# environment
PATH = /home/dong/.vscode-server/bin/c3511e6c69bb39013c4a4b7b9566ec1ca73fc4d5/bin/remote-cli:/usr/local/bin:/usr/bin:/bin:/usr/local/games:/usr/games
# default
MAKEFILES := 
# environment
MOTD_SHOWN = pam
# automatic
^F = $(notdir $^)
# environment
SSH_CLIENT = 192.168.0.15 49303 22
# environment
VSCODE_LOG_NATIVE = false
# automatic
?F = $(notdir $?)
# makefile (from 'Makefile', line 1)
NAME = PEWPEW
# environment
LS_COLORS = 
# automatic
+F = $(notdir $+)
# 'override' directive
GNUMAKEFLAGS := 
# environment
BROWSER = /home/dong/.vscode-server/bin/c3511e6c69bb39013c4a4b7b9566ec1ca73fc4d5/bin/helpers/browser.sh
# environment
LOGNAME = dong
# makefile
.DEFAULT_GOAL := all
# environment
USER = dong
# default
MAKE_VERSION := 4.3
# environment
VSCODE_EXTHOST_WILL_SEND_SOCKET = true
# environment
VSCODE_AGENT_FOLDER = /home/dong/.vscode-server
# environment
_ = /home/dong/.vscode-server/bin/c3511e6c69bb39013c4a4b7b9566ec1ca73fc4d5/node
# environment
XDG_RUNTIME_DIR = /run/user/1000
# makefile (from 'Makefile', line 12)
CFLAGS = -I./include -W -Werror -Wextra -Wall
# environment
VSCODE_IPC_HOOK_CLI = /run/user/1000/vscode-ipc-dc3acb47-5f03-437b-91bd-d1ac576cf73c.sock
# environment
XDG_SESSION_CLASS = user
# environment
VSCODE_AMD_ENTRYPOINT = vs/workbench/api/node/extensionHostProcess
# environment
HOME = /home/dong
# environment
XDG_SESSION_ID = 4
# default
.RECIPEPREFIX := 
# automatic
<F = $(notdir $<)
# default
SUFFIXES := 
# default
.FEATURES := target-specific order-only second-expansion else-if shortest-stem undefine oneshell nocomment grouped-target extra-prereqs archives jobserver output-sync check-symlink load
# environment
SSH_CONNECTION = 192.168.0.15 49303 192.168.0.16 22
# variable set hash-table stats:
# Load=72/1024=7%, Rehash=0, Collisions=4/110=4%

# Pattern-specific Variable Values

# No pattern-specific variable values.

# Directories

# . (device 2049, inode 293062): 14 files, no impossibilities.

# 14 files, no impossibilities in 1 directories.

# Implicit Rules

# No implicit rules.

# Files

PEWPEW: source/main.o source/draw.o source/init.o source/input.o
#  Implicit rule search has not been done.
#  Last modified 2022-05-31 11:41:47.889833876
#  File has been updated.
#  Successfully updated.
#  recipe to execute (from 'Makefile', line 19):
	$(CC) $(OBJ) $(LIBS) -o $(NAME)

# Not a target:
Makefile:
#  Implicit rule search has been done.
#  Last modified 2022-05-31 05:39:12.208492723
#  File has been updated.
#  Successfully updated.

clean:
#  Implicit rule search has not been done.
#  Modification time never checked.
#  File has not been updated.
#  recipe to execute (from 'Makefile', line 22):
	$(RM) 	$(OBJ)

# Not a target:
.DEFAULT:
#  Implicit rule search has not been done.
#  Modification time never checked.
#  File has not been updated.

all: PEWPEW
#  Command line target.
#  Implicit rule search has been done.
#  File does not exist.
#  File has been updated.
#  Successfully updated.

fclean: clean
#  Implicit rule search has not been done.
#  Modification time never checked.
#  File has not been updated.
#  recipe to execute (from 'Makefile', line 25):
	$(RM) $(NAME)

# Not a target:
source/input.o:
#  Implicit rule search has been done.
#  Last modified 2022-05-31 10:50:30.557056067
#  File has been updated.
#  Successfully updated.

# Not a target:
source/init.o:
#  Implicit rule search has been done.
#  Last modified 2022-05-31 10:50:30.313054076
#  File has been updated.
#  Successfully updated.

# Not a target:
source/main.o:
#  Implicit rule search has been done.
#  Last modified 2022-05-31 09:56:29.145525041
#  File has been updated.
#  Successfully updated.

# Not a target:
source/draw.o:
#  Implicit rule search has been done.
#  Last modified 2022-05-31 11:41:47.813833282
#  File has been updated.
#  Successfully updated.

# files hash-table stats:
# Load=11/1024=1%, Rehash=0, Collisions=0/29=0%
# VPATH Search Paths

# No 'vpath' search paths.

# No general ('VPATH' variable) search path.

# strcache buffers: 1 (0) / strings = 25 / storage = 217 B / avg = 8 B
# current buf: size = 8162 B / used = 217 B / count = 25 / avg = 8 B

# strcache performance: lookups = 37 / hit rate = 32%
# hash-table stats:
# Load=25/8192=0%, Rehash=0, Collisions=0/37=0%
# Finished Make data base on Tue Jun  7 07:11:50 2022

 
